Build started 18/06/2015 6:19:15 PM.
     1>Project "C:\Users\lwilmot\Documents\Luke VS\BuildingClassesPractice\BuildingClassesPractice\BuildingClassesPractice\BuildingClassesPractice.vcxproj" on node 2 (Build target(s)).
     1>ClCompile:
         C:\Program Files (x86)\Microsoft Visual Studio 12.0\VC\bin\CL.exe /c /ZI /nologo /W3 /WX- /sdl /Od /Oy- /D WIN32 /D _DEBUG /D _CONSOLE /D _LIB /D _UNICODE /D UNICODE /Gm /EHsc /RTC1 /MDd /GS /fp:precise /Zc:wchar_t /Zc:forScope /Yc"stdafx.h" /Fp"Debug\BuildingClassesPractice.pch" /Fo"Debug\\" /Fd"Debug\vc120.pdb" /Gd /TP /analyze- /errorReport:prompt stdafx.cpp
         stdafx.cpp
         C:\Program Files (x86)\Microsoft Visual Studio 12.0\VC\bin\CL.exe /c /ZI /nologo /W3 /WX- /sdl /Od /Oy- /D WIN32 /D _DEBUG /D _CONSOLE /D _LIB /D _UNICODE /D UNICODE /Gm /EHsc /RTC1 /MDd /GS /fp:precise /Zc:wchar_t /Zc:forScope /Yu"stdafx.h" /Fp"Debug\BuildingClassesPractice.pch" /Fo"Debug\\" /Fd"Debug\vc120.pdb" /Gd /TP /analyze- /errorReport:prompt BuildingClassesPractice.cpp
         BuildingClassesPractice.cpp
     1>c:\users\lwilmot\documents\luke vs\buildingclassespractice\buildingclassespractice\buildingclassespractice\buildingclassespractice.cpp(21): error C2628: 'Enemy' followed by 'int' is illegal (did you forget a ';'?)
     1>c:\users\lwilmot\documents\luke vs\buildingclassespractice\buildingclassespractice\buildingclassespractice\buildingclassespractice.cpp(22): error C3874: return type of 'wmain' should be 'int' instead of 'Enemy'
     1>c:\users\lwilmot\documents\luke vs\buildingclassespractice\buildingclassespractice\buildingclassespractice\buildingclassespractice.cpp(52): warning C4244: 'initializing' : conversion from 'double' to 'float', possible loss of data
     1>c:\users\lwilmot\documents\luke vs\buildingclassespractice\buildingclassespractice\buildingclassespractice\buildingclassespractice.cpp(90): error C2059: syntax error : 'return'
     1>c:\users\lwilmot\documents\luke vs\buildingclassespractice\buildingclassespractice\buildingclassespractice\buildingclassespractice.cpp(91): error C2059: syntax error : '}'
     1>c:\users\lwilmot\documents\luke vs\buildingclassespractice\buildingclassespractice\buildingclassespractice\buildingclassespractice.cpp(91): error C2143: syntax error : missing ';' before '}'
     1>Done Building Project "C:\Users\lwilmot\Documents\Luke VS\BuildingClassesPractice\BuildingClassesPractice\BuildingClassesPractice\BuildingClassesPractice.vcxproj" (Build target(s)) -- FAILED.

Build FAILED.

Time Elapsed 00:00:04.09
